2018-07-25T12:16:17+05:30 [undefined] error: uncaughtException: Cannot read property 'articleCategory' of undefined
TypeError: Cannot read property 'articleCategory' of undefined
    at C:\Users\Simato\Desktop\work\Otenro\source\api\controllers\ApplicationController.js:486:73
    at returnResults (C:\Users\Simato\Desktop\work\Otenro\source\node_modules\waterline\lib\waterline\query\finders\basic.js:154:30)
    at C:\Users\Simato\Desktop\work\Otenro\source\node_modules\waterline\lib\waterline\query\finders\basic.js:86:16
    at C:\Users\Simato\Desktop\work\Otenro\source\node_modules\waterline\lib\waterline\query\finders\operations.js:78:46
    at wrapper (C:\Users\Simato\Desktop\work\Otenro\source\node_modules\lodash\index.js:3592:19)
    at applyInOriginalCtx (C:\Users\Simato\Desktop\work\Otenro\source\node_modules\waterline\lib\waterline\utils\normalize.js:421:80)
    at wrappedCallback (C:\Users\Simato\Desktop\work\Otenro\source\node_modules\waterline\lib\waterline\utils\normalize.js:324:18)
    at success (C:\Users\Simato\Desktop\work\Otenro\source\node_modules\waterline\node_modules\switchback\lib\normalize.js:33:31)
    at _switch (C:\Users\Simato\Desktop\work\Otenro\source\node_modules\waterline\node_modules\switchback\lib\factory.js:58:28)
    at C:\Users\Simato\Desktop\work\Otenro\source\node_modules\waterline\lib\waterline\adapter\dql.js:164:37
    at wrapper (C:\Users\Simato\Desktop\work\Otenro\source\node_modules\lodash\index.js:3592:19)
    at applyInOriginalCtx (C:\Users\Simato\Desktop\work\Otenro\source\node_modules\waterline\lib\waterline\utils\normalize.js:421:80)
    at wrappedCallback (C:\Users\Simato\Desktop\work\Otenro\source\node_modules\waterline\lib\waterline\utils\normalize.js:324:18)
    at success (C:\Users\Simato\Desktop\work\Otenro\source\node_modules\waterline\node_modules\switchback\lib\normalize.js:33:31)
    at _switch (C:\Users\Simato\Desktop\work\Otenro\source\node_modules\waterline\node_modules\switchback\lib\factory.js:58:28)
    at C:\Users\Simato\Desktop\work\Otenro\source\node_modules\sails-mongo\lib\adapter.js:355:9
    at C:\Users\Simato\Desktop\work\Otenro\source\node_modules\sails-mongo\lib\collection.js:102:5
    at handleCallback (C:\Users\Simato\Desktop\work\Otenro\source\node_modules\sails-mongo\node_modules\mongodb\lib\utils.js:95:56)
    at C:\Users\Simato\Desktop\work\Otenro\source\node_modules\sails-mongo\node_modules\mongodb\lib\cursor.js:852:16
    at handleCallback (C:\Users\Simato\Desktop\work\Otenro\source\node_modules\sails-mongo\node_modules\mongodb-core\lib\cursor.js:171:5)
    at setCursorNotified (C:\Users\Simato\Desktop\work\Otenro\source\node_modules\sails-mongo\node_modules\mongodb-core\lib\cursor.js:515:3)
    at C:\Users\Simato\Desktop\work\Otenro\source\node_modules\sails-mongo\node_modules\mongodb-core\lib\cursor.js:590:16
2018-07-25T12:22:28+05:30 [undefined] error: uncaughtException: Cannot read property 'articleCategory' of undefined
TypeError: Cannot read property 'articleCategory' of undefined
    at C:\Users\Simato\Desktop\work\Otenro\source\api\controllers\ApplicationController.js:246:73
    at returnResults (C:\Users\Simato\Desktop\work\Otenro\source\node_modules\waterline\lib\waterline\query\finders\basic.js:154:30)
    at C:\Users\Simato\Desktop\work\Otenro\source\node_modules\waterline\lib\waterline\query\finders\basic.js:86:16
    at C:\Users\Simato\Desktop\work\Otenro\source\node_modules\waterline\lib\waterline\query\finders\operations.js:78:46
    at wrapper (C:\Users\Simato\Desktop\work\Otenro\source\node_modules\lodash\index.js:3592:19)
    at applyInOriginalCtx (C:\Users\Simato\Desktop\work\Otenro\source\node_modules\waterline\lib\waterline\utils\normalize.js:421:80)
    at wrappedCallback (C:\Users\Simato\Desktop\work\Otenro\source\node_modules\waterline\lib\waterline\utils\normalize.js:324:18)
    at success (C:\Users\Simato\Desktop\work\Otenro\source\node_modules\waterline\node_modules\switchback\lib\normalize.js:33:31)
    at _switch (C:\Users\Simato\Desktop\work\Otenro\source\node_modules\waterline\node_modules\switchback\lib\factory.js:58:28)
    at C:\Users\Simato\Desktop\work\Otenro\source\node_modules\waterline\lib\waterline\adapter\dql.js:164:37
    at wrapper (C:\Users\Simato\Desktop\work\Otenro\source\node_modules\lodash\index.js:3592:19)
    at applyInOriginalCtx (C:\Users\Simato\Desktop\work\Otenro\source\node_modules\waterline\lib\waterline\utils\normalize.js:421:80)
    at wrappedCallback (C:\Users\Simato\Desktop\work\Otenro\source\node_modules\waterline\lib\waterline\utils\normalize.js:324:18)
    at success (C:\Users\Simato\Desktop\work\Otenro\source\node_modules\waterline\node_modules\switchback\lib\normalize.js:33:31)
    at _switch (C:\Users\Simato\Desktop\work\Otenro\source\node_modules\waterline\node_modules\switchback\lib\factory.js:58:28)
    at C:\Users\Simato\Desktop\work\Otenro\source\node_modules\sails-mongo\lib\adapter.js:355:9
    at C:\Users\Simato\Desktop\work\Otenro\source\node_modules\sails-mongo\lib\collection.js:102:5
    at handleCallback (C:\Users\Simato\Desktop\work\Otenro\source\node_modules\sails-mongo\node_modules\mongodb\lib\utils.js:95:56)
    at C:\Users\Simato\Desktop\work\Otenro\source\node_modules\sails-mongo\node_modules\mongodb\lib\cursor.js:852:16
    at handleCallback (C:\Users\Simato\Desktop\work\Otenro\source\node_modules\sails-mongo\node_modules\mongodb-core\lib\cursor.js:171:5)
    at setCursorNotified (C:\Users\Simato\Desktop\work\Otenro\source\node_modules\sails-mongo\node_modules\mongodb-core\lib\cursor.js:515:3)
    at C:\Users\Simato\Desktop\work\Otenro\source\node_modules\sails-mongo\node_modules\mongodb-core\lib\cursor.js:590:16
2018-07-25T12:25:00+05:30 [undefined] error: uncaughtException: Cannot read property 'articleCategory' of undefined
TypeError: Cannot read property 'articleCategory' of undefined
    at C:\Users\Simato\Desktop\work\Otenro\source\api\controllers\ApplicationController.js:486:73
    at returnResults (C:\Users\Simato\Desktop\work\Otenro\source\node_modules\waterline\lib\waterline\query\finders\basic.js:154:30)
    at C:\Users\Simato\Desktop\work\Otenro\source\node_modules\waterline\lib\waterline\query\finders\basic.js:86:16
    at C:\Users\Simato\Desktop\work\Otenro\source\node_modules\waterline\lib\waterline\query\finders\operations.js:78:46
    at wrapper (C:\Users\Simato\Desktop\work\Otenro\source\node_modules\lodash\index.js:3592:19)
    at applyInOriginalCtx (C:\Users\Simato\Desktop\work\Otenro\source\node_modules\waterline\lib\waterline\utils\normalize.js:421:80)
    at wrappedCallback (C:\Users\Simato\Desktop\work\Otenro\source\node_modules\waterline\lib\waterline\utils\normalize.js:324:18)
    at success (C:\Users\Simato\Desktop\work\Otenro\source\node_modules\waterline\node_modules\switchback\lib\normalize.js:33:31)
    at _switch (C:\Users\Simato\Desktop\work\Otenro\source\node_modules\waterline\node_modules\switchback\lib\factory.js:58:28)
    at C:\Users\Simato\Desktop\work\Otenro\source\node_modules\waterline\lib\waterline\adapter\dql.js:164:37
    at wrapper (C:\Users\Simato\Desktop\work\Otenro\source\node_modules\lodash\index.js:3592:19)
    at applyInOriginalCtx (C:\Users\Simato\Desktop\work\Otenro\source\node_modules\waterline\lib\waterline\utils\normalize.js:421:80)
    at wrappedCallback (C:\Users\Simato\Desktop\work\Otenro\source\node_modules\waterline\lib\waterline\utils\normalize.js:324:18)
    at success (C:\Users\Simato\Desktop\work\Otenro\source\node_modules\waterline\node_modules\switchback\lib\normalize.js:33:31)
    at _switch (C:\Users\Simato\Desktop\work\Otenro\source\node_modules\waterline\node_modules\switchback\lib\factory.js:58:28)
    at C:\Users\Simato\Desktop\work\Otenro\source\node_modules\sails-mongo\lib\adapter.js:355:9
    at C:\Users\Simato\Desktop\work\Otenro\source\node_modules\sails-mongo\lib\collection.js:102:5
    at handleCallback (C:\Users\Simato\Desktop\work\Otenro\source\node_modules\sails-mongo\node_modules\mongodb\lib\utils.js:95:56)
    at C:\Users\Simato\Desktop\work\Otenro\source\node_modules\sails-mongo\node_modules\mongodb\lib\cursor.js:852:16
    at handleCallback (C:\Users\Simato\Desktop\work\Otenro\source\node_modules\sails-mongo\node_modules\mongodb-core\lib\cursor.js:171:5)
    at setCursorNotified (C:\Users\Simato\Desktop\work\Otenro\source\node_modules\sails-mongo\node_modules\mongodb-core\lib\cursor.js:515:3)
    at C:\Users\Simato\Desktop\work\Otenro\source\node_modules\sails-mongo\node_modules\mongodb-core\lib\cursor.js:590:16
2018-07-25T13:20:00+05:30 [undefined] error: uncaughtException: Cannot read property 'map' of undefined
TypeError: Cannot read property 'map' of undefined
    at C:\Users\Simato\Desktop\work\Otenro\source\node_modules\sails-mongo\lib\collection.js:84:28
    at handleCallback (C:\Users\Simato\Desktop\work\Otenro\source\node_modules\sails-mongo\node_modules\mongodb\lib\utils.js:95:56)
    at C:\Users\Simato\Desktop\work\Otenro\source\node_modules\sails-mongo\node_modules\mongodb\lib\collection.js:2689:7
    at handleCallback (C:\Users\Simato\Desktop\work\Otenro\source\node_modules\sails-mongo\node_modules\mongodb\lib\utils.js:95:56)
    at C:\Users\Simato\Desktop\work\Otenro\source\node_modules\sails-mongo\node_modules\mongodb\lib\db.js:311:20
    at C:\Users\Simato\Desktop\work\Otenro\source\node_modules\sails-mongo\node_modules\mongodb-core\lib\connection\pool.js:455:18
    at _combinedTickCallback (internal/process/next_tick.js:131:7)
    at process._tickDomainCallback (internal/process/next_tick.js:218:9)
2018-07-25T14:59:07+05:30 [undefined] error: uncaughtException: Cannot read property 'isActive' of undefined
TypeError: Cannot read property 'isActive' of undefined
    at C:\Users\Simato\Desktop\work\Otenro\source\api\controllers\ideabiz\IdeabizController.js:85:42
    at wrapper (C:\Users\Simato\Desktop\work\Otenro\source\node_modules\lodash\index.js:3592:19)
    at applyInOriginalCtx (C:\Users\Simato\Desktop\work\Otenro\source\node_modules\waterline\lib\waterline\utils\normalize.js:421:80)
    at wrappedCallback (C:\Users\Simato\Desktop\work\Otenro\source\node_modules\waterline\lib\waterline\utils\normalize.js:324:18)
    at success (C:\Users\Simato\Desktop\work\Otenro\source\node_modules\waterline\node_modules\switchback\lib\normalize.js:33:31)
    at _switch (C:\Users\Simato\Desktop\work\Otenro\source\node_modules\waterline\node_modules\switchback\lib\factory.js:58:28)
    at returnResults (C:\Users\Simato\Desktop\work\Otenro\source\node_modules\waterline\lib\waterline\query\finders\basic.js:154:30)
    at C:\Users\Simato\Desktop\work\Otenro\source\node_modules\waterline\lib\waterline\query\finders\basic.js:86:16
    at C:\Users\Simato\Desktop\work\Otenro\source\node_modules\waterline\lib\waterline\query\finders\operations.js:78:46
    at wrapper (C:\Users\Simato\Desktop\work\Otenro\source\node_modules\lodash\index.js:3592:19)
    at applyInOriginalCtx (C:\Users\Simato\Desktop\work\Otenro\source\node_modules\waterline\lib\waterline\utils\normalize.js:421:80)
    at wrappedCallback (C:\Users\Simato\Desktop\work\Otenro\source\node_modules\waterline\lib\waterline\utils\normalize.js:324:18)
    at success (C:\Users\Simato\Desktop\work\Otenro\source\node_modules\waterline\node_modules\switchback\lib\normalize.js:33:31)
    at _switch (C:\Users\Simato\Desktop\work\Otenro\source\node_modules\waterline\node_modules\switchback\lib\factory.js:58:28)
    at C:\Users\Simato\Desktop\work\Otenro\source\node_modules\waterline\lib\waterline\adapter\dql.js:164:37
    at wrapper (C:\Users\Simato\Desktop\work\Otenro\source\node_modules\lodash\index.js:3592:19)
    at applyInOriginalCtx (C:\Users\Simato\Desktop\work\Otenro\source\node_modules\waterline\lib\waterline\utils\normalize.js:421:80)
    at wrappedCallback (C:\Users\Simato\Desktop\work\Otenro\source\node_modules\waterline\lib\waterline\utils\normalize.js:324:18)
    at success (C:\Users\Simato\Desktop\work\Otenro\source\node_modules\waterline\node_modules\switchback\lib\normalize.js:33:31)
    at _switch (C:\Users\Simato\Desktop\work\Otenro\source\node_modules\waterline\node_modules\switchback\lib\factory.js:58:28)
    at C:\Users\Simato\Desktop\work\Otenro\source\node_modules\sails-mongo\lib\adapter.js:355:9
    at C:\Users\Simato\Desktop\work\Otenro\source\node_modules\sails-mongo\lib\collection.js:102:5
2018-07-25T16:11:27+05:30 [undefined] error: uncaughtException: Cannot read property 'isActive' of undefined
TypeError: Cannot read property 'isActive' of undefined
    at C:\Users\Simato\Desktop\work\Otenro\source\api\controllers\ideabiz\IdeabizController.js:85:42
    at wrapper (C:\Users\Simato\Desktop\work\Otenro\source\node_modules\lodash\index.js:3592:19)
    at applyInOriginalCtx (C:\Users\Simato\Desktop\work\Otenro\source\node_modules\waterline\lib\waterline\utils\normalize.js:421:80)
    at wrappedCallback (C:\Users\Simato\Desktop\work\Otenro\source\node_modules\waterline\lib\waterline\utils\normalize.js:324:18)
    at success (C:\Users\Simato\Desktop\work\Otenro\source\node_modules\waterline\node_modules\switchback\lib\normalize.js:33:31)
    at _switch (C:\Users\Simato\Desktop\work\Otenro\source\node_modules\waterline\node_modules\switchback\lib\factory.js:58:28)
    at returnResults (C:\Users\Simato\Desktop\work\Otenro\source\node_modules\waterline\lib\waterline\query\finders\basic.js:154:30)
    at C:\Users\Simato\Desktop\work\Otenro\source\node_modules\waterline\lib\waterline\query\finders\basic.js:86:16
    at C:\Users\Simato\Desktop\work\Otenro\source\node_modules\waterline\lib\waterline\query\finders\operations.js:78:46
    at wrapper (C:\Users\Simato\Desktop\work\Otenro\source\node_modules\lodash\index.js:3592:19)
    at applyInOriginalCtx (C:\Users\Simato\Desktop\work\Otenro\source\node_modules\waterline\lib\waterline\utils\normalize.js:421:80)
    at wrappedCallback (C:\Users\Simato\Desktop\work\Otenro\source\node_modules\waterline\lib\waterline\utils\normalize.js:324:18)
    at success (C:\Users\Simato\Desktop\work\Otenro\source\node_modules\waterline\node_modules\switchback\lib\normalize.js:33:31)
    at _switch (C:\Users\Simato\Desktop\work\Otenro\source\node_modules\waterline\node_modules\switchback\lib\factory.js:58:28)
    at C:\Users\Simato\Desktop\work\Otenro\source\node_modules\waterline\lib\waterline\adapter\dql.js:164:37
    at wrapper (C:\Users\Simato\Desktop\work\Otenro\source\node_modules\lodash\index.js:3592:19)
    at applyInOriginalCtx (C:\Users\Simato\Desktop\work\Otenro\source\node_modules\waterline\lib\waterline\utils\normalize.js:421:80)
    at wrappedCallback (C:\Users\Simato\Desktop\work\Otenro\source\node_modules\waterline\lib\waterline\utils\normalize.js:324:18)
    at success (C:\Users\Simato\Desktop\work\Otenro\source\node_modules\waterline\node_modules\switchback\lib\normalize.js:33:31)
    at _switch (C:\Users\Simato\Desktop\work\Otenro\source\node_modules\waterline\node_modules\switchback\lib\factory.js:58:28)
    at C:\Users\Simato\Desktop\work\Otenro\source\node_modules\sails-mongo\lib\adapter.js:355:9
    at C:\Users\Simato\Desktop\work\Otenro\source\node_modules\sails-mongo\lib\collection.js:102:5
